<?xml version="1.0" encoding="UTF-8" ?>
<testsuite errors="0" failures="1" hostname="ralph" name="uk.org.mygrid.cagrid.servicewrapper.service.ncbiblast.integration.TestBlst01Program" tests="7" time="164.56" timestamp="2009-08-10T14:01:39">
  <properties>
    <property name="file.encoding.pkg" value="sun.io" />
    <property name="env.PROMPT" value="$P$G" />
    <property name="java.home" value="C:\Program Files (x86)\Java\jdk1.6.0_14\jre" />
    <property name="env.VS90COMNTOOLS" value="W:\Program Files\Microsoft Visual Studio 9.0\Common7\Tools\" />
    <property name="test.src.dir" value="test/src" />
    <property name="env.PROCESSOR_ARCHITEW6432" value="AMD64" />
    <property name="java.endorsed.dirs" value="C:\Program Files (x86)\Java\jdk1.6.0_14\jre\lib\endorsed" />
    <property name="env.USERNAME" value="stain" />
    <property name="src.dir" value="src" />
    <property name="ext.globus.dir" value="C:\Users\stain\cagrid\ws-core-4.0.3" />
    <property name="sun.os.patch.level" value="" />
    <property name="java.vendor.url" value="http://java.sun.com/" />
    <property name="env.COMPUTERNAME" value="RALPH" />
    <property name="env.ProgramFiles(x86)" value="C:\Program Files (x86)" />
    <property name="java.version" value="1.6.0_14" />
    <property name="ant.file.Developer Modified Build File" value="W:\src\cagrid-workspace\servicewrapper\servicewrapper-service-ncbiblast\dev-build.xml" />
    <property name="ant.contrib.location" value="tools/lib/ant-contrib-1.0b3.jar" />
    <property name="java.vendor.url.bug" value="http://java.sun.com/cgi-bin/bugreport.cgi" />
    <property name="env.USERPROFILE" value="C:\Users\stain" />
    <property name="javadoc.dir" value="W:\src\cagrid-workspace\servicewrapper\servicewrapper-service-ncbiblast\build/javadoc" />
    <property name="introduce.skeleton.namespace.domain" value="http://www.mygrid.org.uk/2009/cagrid/servicewrapper/service/NCBIBlast" />
    <property name="test.lib.dir" value="test/lib" />
    <property name="env.SystemRoot" value="C:\Windows" />
    <property name="introduce.ns.excludes" value=" -x gme://caGrid.caBIG/1.0/gov.nih.nci.cagrid.metadata.service -x gme://caGrid.caBIG/1.0/gov.nih.nci.cagrid.metadata.security -x gme://caGrid.caBIG/1.0/gov.nih.nci.cagrid.metadata.common -x gme://caGrid.caBIG/1.0/gov.nih.nci.cagrid.metadata" />
    <property name="user.name" value="stain" />
    <property name="sun.io.unicode.encoding" value="UnicodeLittle" />
    <property name="sun.jnu.encoding" value="Cp1252" />
    <property name="java.runtime.name" value="Java(TM) SE Runtime Environment" />
    <property name="schema.dest" value="W:\src\cagrid-workspace\servicewrapper\servicewrapper-service-ncbiblast\build\schema" />
    <property name="env.LOCALAPPDATA" value="C:\Users\stain\AppData\Local" />
    <property name="lib.dir" value="lib" />
    <property name="tools.lib.dir" value="tools/lib" />
    <property name="java.specification.name" value="Java Platform API Specification" />
    <property name="test.jar.name" value="NCBIBlast-tests.jar" />
    <property name="user.timezone" value="" />
    <property name="path.separator" value=";" />
    <property name="client.jar.name" value="NCBIBlast-client.jar" />
    <property name="env.PROCESSOR_IDENTIFIER" value="Intel64 Family 6 Model 23 Stepping 6, GenuineIntel" />
    <property name="env._JAVACMD" value="C:\Program Files (x86)\Java\jdk1.6.0_14\bin\java.exe" />
    <property name="file.encoding" value="Cp1252" />
    <property name="jar.prefix" value="NCBIBlast" />
    <property name="junit.results.dir" value="test/logs/junit" />
    <property name="introduce.soap.binding.excludes" value=" " />
    <property name="env.NUMBER_OF_PROCESSORS" value="2" />
    <property name="env.APPDATA" value="C:\Users\stain\AppData\Roaming" />
    <property name="ant.file" value="W:\src\cagrid-workspace\servicewrapper\servicewrapper-service-ncbiblast\build.xml" />
    <property name="test.log.dir" value="test/logs" />
    <property name="java.io.tmpdir" value="C:\Users\stain\AppData\Local\Temp\" />
    <property name="user.language" value="en" />
    <property name="env.SystemDrive" value="C:" />
    <property name="line.separator" value="
" />
    <property name="garjars.id" value="garjars" />
    <property name="java.debug" value="on" />
    <property name="ant.file.build-deploy file" value="W:\src\cagrid-workspace\servicewrapper\servicewrapper-service-ncbiblast\build-deploy.xml" />
    <property name="introduce.skeleton.service.name" value="NCBIBlast" />
    <property name="tools.dir" value="tools" />
    <property name="schema.src" value="C:\Users\stain\cagrid\ws-core-4.0.3\share\schema" />
    <property name="java.vm.info" value="mixed mode, sharing" />
    <property name="sun.desktop" value="windows" />
    <property name="java.vm.specification.name" value="Java Virtual Machine Specification" />
    <property name="ant.file.run-tools file" value="W:\src\cagrid-workspace\servicewrapper\servicewrapper-service-ncbiblast\run-tools.xml" />
    <property name="common.jar.name" value="NCBIBlast-common.jar" />
    <property name="ant.file.Introduce Master Build File" value="W:\src\cagrid-workspace\servicewrapper\servicewrapper-service-ncbiblast\build.xml" />
    <property name="env.PATHEXT" value=".COM;.EXE;.BAT;.CMD;.VBS;.VBE;.JS;.JSE;.WSF;.WSH;.MSC" />
    <property name="build.stubs" value="W:\src\cagrid-workspace\servicewrapper\servicewrapper-service-ncbiblast\build-stubs.xml" />
    <property name="env.LOGONSERVER" value="\\RALPH" />
    <property name="introduce.skeleton.timestamp" value="1249911472478" />
    <property name="stubs.src" value="W:\src\cagrid-workspace\servicewrapper\servicewrapper-service-ncbiblast\build\stubs-NCBIBlast\src" />
    <property name="java.awt.printerjob" value="sun.awt.windows.WPrinterJob" />
    <property name="build.dest" value="W:\src\cagrid-workspace\servicewrapper\servicewrapper-service-ncbiblast\build\classes" />
    <property name="test.build.dest" value="W:\src\cagrid-workspace\servicewrapper\servicewrapper-service-ncbiblast\build/test/classes" />
    <property name="env.PUBLIC" value="C:\Users\Public" />
    <property name="ant.version" value="Apache Ant version 1.7.0 compiled on December 13 2006" />
    <property name="env.USERDOMAIN" value="ralph" />
    <property name="env.PROCESSOR_LEVEL" value="6" />
    <property name="env.windir" value="C:\Windows" />
    <property name="env.CommonProgramFiles(x86)" value="C:\Program Files (x86)\Common Files" />
    <property name="os.name" value="Windows 7" />
    <property name="java.specification.vendor" value="Sun Microsystems Inc." />
    <property name="stubs.dest" value="W:\src\cagrid-workspace\servicewrapper\servicewrapper-service-ncbiblast\build\stubs-NCBIBlast\classes" />
    <property name="env.TMP" value="C:\Users\stain\AppData\Local\Temp" />
    <property name="java.vm.name" value="Java HotSpot(TM) Client VM" />
    <property name="env.ProgramData" value="C:\ProgramData" />
    <property name="env.OS" value="Windows_NT" />
    <property name="java.library.path" value="C:\Program Files (x86)\Java\jdk1.6.0_14\bin;.;C:\Windows\Sun\Java\bin;C:\Windows\system32;C:\Windows;C:\Program Files (x86)\Java\jdk1.6.0_14\bin;C:\Users\stain\cagrid\apache-ant-1.7.0\bin;C:\Program Files\Common Files\Microsoft Shared\Windows Live;C:\Windows\system32;C:\Windows;C:\Windows\System32\Wbem;C:\Windows\System32\WindowsPowerShell\v1.0\;C:\Program Files\apache-maven-2.0.10\bin;C:\Program Files\SlikSvn\bin\;C:\Program Files (x86)\Microsoft SQL Server\90\Tools\binn\;C:\Program Files\Common Files\Microsoft Shared\Windows Live" />
    <property name="ant.file.developers-build-deploy file" value="W:\src\cagrid-workspace\servicewrapper\servicewrapper-service-ncbiblast\dev-build-deploy.xml" />
    <property name="ant.java.version" value="1.6" />
    <property name="basedir" value="W:\src\cagrid-workspace\servicewrapper\servicewrapper-service-ncbiblast" />
    <property name="java.class.version" value="50.0" />
    <property name="ant.home" value="C:\Users\stain\cagrid\apache-ant-1.7.0" />
    <property name="introduce.skeleton.services.list" value="NCBIBlast,NCBIBlastJob" />
    <property name="env.Path" value="C:\Program Files (x86)\Java\jdk1.6.0_14\bin;C:\Users\stain\cagrid\apache-ant-1.7.0\bin;C:\Program Files\Common Files\Microsoft Shared\Windows Live;C:\Windows\system32;C:\Windows;C:\Windows\System32\Wbem;C:\Windows\System32\WindowsPowerShell\v1.0\;C:\Program Files\apache-maven-2.0.10\bin;C:\Program Files\SlikSvn\bin\;C:\Program Files (x86)\Microsoft SQL Server\90\Tools\binn\;C:\Program Files\Common Files\Microsoft Shared\Windows Live" />
    <property name="env.HOMEDRIVE" value="C:" />
    <property name="build.packages" value="C:\Users\stain\cagrid\ws-core-4.0.3\share\globus_wsrf_common\build-packages.xml" />
    <property name="sun.boot.library.path" value="C:\Program Files (x86)\Java\jdk1.6.0_14\jre\bin" />
    <property name="build.dir" value="W:\src\cagrid-workspace\servicewrapper\servicewrapper-service-ncbiblast\build" />
    <property name="env.PROCESSOR_REVISION" value="1706" />
    <property name="sun.management.compiler" value="HotSpot Client Compiler" />
    <property name="java.awt.graphicsenv" value="sun.awt.Win32GraphicsEnvironment" />
    <property name="user.variant" value="" />
    <property name="stubs.jar.name" value="NCBIBlast-stubs.jar" />
    <property name="ant.project.name" value="Introduce Master Build File" />
    <property name="schema.dir" value="schema" />
    <property name="GT4.ns.excludes" value="-x http://docs.oasis-open.org/wsrf/2004/06/wsrf-WS-BaseFaults-1.2-draft-01.xsd -x http://docs.oasis-open.org/wsrf/2004/06/wsrf-WS-BaseFaults-1.2-draft-01.wsdl -x http://docs.oasis-open.org/wsrf/2004/06/wsrf-WS-ResourceLifetime-1.2-draft-01.xsd -x http://docs.oasis-open.org/wsrf/2004/06/wsrf-WS-ResourceLifetime-1.2-draft-01.wsdl -x http://docs.oasis-open.org/wsrf/2004/06/wsrf-WS-ResourceProperties-1.2-draft-01.xsd -x http://docs.oasis-open.org/wsrf/2004/06/wsrf-WS-ResourceProperties-1.2-draft-01.wsdl -x http://docs.oasis-open.org/wsrf/2004/06/wsrf-WS-ServiceGroup-1.2-draft-01.xsd -x http://docs.oasis-open.org/wsrf/2004/06/wsrf-WS-ServiceGroup-1.2-draft-01.wsdl -x http://docs.oasis-open.org/wsn/2004/06/wsn-WS-BaseNotification-1.2-draft-01.xsd -x http://docs.oasis-open.org/wsn/2004/06/wsn-WS-BaseNotification-1.2-draft-01.wsdl -x http://schemas.xmlsoap.org/ws/2004/04/trust -x http://schemas.xmlsoap.org/ws/2002/12/policy -x http://schemas.xmlsoap.org/ws/2002/07/utility -x http://schemas.xmlsoap.org/ws/2004/04/sc -x http://docs.oasis-open.org/wss/2004/01/oasis-200401-wss-wssecurity-secext-1.0.xsd -x http://www.w3.org/2000/09/xmldsig# -x http://docs.oasis-open.org/wss/2004/01/oasis-200401-wss-wssecurity-utility-1.0.xsd -x http://schemas.xmlsoap.org/ws/2004/09/enumeration" />
    <property name="introduce.skeleton.destination.dir" value="W:\src\cagrid-workspace\servicewrapper\servicewrapper-service-ncbiblast" />
    <property name="java.vm.specification.version" value="1.0" />
    <property name="env.GLOBUS_LOCATION" value="C:\Users\stain\cagrid\ws-core-4.0.3" />
    <property name="awt.toolkit" value="sun.awt.windows.WToolkit" />
    <property name="introduce.skeleton.extensions" value="cagrid_metadata" />
    <property name="build.lib.dir" value="W:\src\cagrid-workspace\servicewrapper\servicewrapper-service-ncbiblast\build\lib" />
    <property name="sun.cpu.isalist" value="pentium_pro+mmx pentium_pro pentium+mmx pentium i486 i386 i86" />
    <property name="java.ext.dirs" value="C:\Program Files (x86)\Java\jdk1.6.0_14\jre\lib\ext;C:\Windows\Sun\Java\lib\ext" />
    <property name="garschema.id" value="garschema" />
    <property name="os.version" value="6.1" />
    <property name="user.home" value="C:\Users\stain" />
    <property name="java.vm.vendor" value="Sun Microsystems Inc." />
    <property name="mappings.file" value="W:\src\cagrid-workspace\servicewrapper\servicewrapper-service-ncbiblast/namespace2package.mappings" />
    <property name="env.CommonProgramW6432" value="C:\Program Files\Common Files" />
    <property name="garetc.id" value="garetc" />
    <property name="env.JAVA_HOME" value="C:\Program Files (x86)\Java\jdk1.6.0_14" />
    <property name="env.ProgramW6432" value="C:\Program Files" />
    <property name="stubs.dir" value="W:\src\cagrid-workspace\servicewrapper\servicewrapper-service-ncbiblast\build\stubs-NCBIBlast" />
    <property name="user.dir" value="W:\src\cagrid-workspace\servicewrapper\servicewrapper-service-ncbiblast" />
    <property name="schema.path" value="NCBIBlast" />
    <property name="env.FP_NO_HOST_CHECK" value="NO" />
    <property name="test.dir" value="test" />
    <property name="tomcat.dir" value="${env.CATALINA_HOME}" />
    <property name="sun.cpu.endian" value="little" />
    <property name="env._USE_CLASSPATH" value="no" />
    <property name="env.ALLUSERSPROFILE" value="C:\ProgramData" />
    <property name="env.PROCESSOR_ARCHITECTURE" value="x86" />
    <property name="java.vm.version" value="14.0-b16" />
    <property name="java.class.path" value="C:\Users\stain\cagrid\apache-ant-1.7.0\lib\ant-launcher.jar;C:\Users\stain\cagrid\apache-ant-1.7.0\lib\ant-antlr.jar;C:\Users\stain\cagrid\apache-ant-1.7.0\lib\ant-apache-bcel.jar;C:\Users\stain\cagrid\apache-ant-1.7.0\lib\ant-apache-bsf.jar;C:\Users\stain\cagrid\apache-ant-1.7.0\lib\ant-apache-log4j.jar;C:\Users\stain\cagrid\apache-ant-1.7.0\lib\ant-apache-oro.jar;C:\Users\stain\cagrid\apache-ant-1.7.0\lib\ant-apache-regexp.jar;C:\Users\stain\cagrid\apache-ant-1.7.0\lib\ant-apache-resolver.jar;C:\Users\stain\cagrid\apache-ant-1.7.0\lib\ant-commons-logging.jar;C:\Users\stain\cagrid\apache-ant-1.7.0\lib\ant-commons-net.jar;C:\Users\stain\cagrid\apache-ant-1.7.0\lib\ant-jai.jar;C:\Users\stain\cagrid\apache-ant-1.7.0\lib\ant-javamail.jar;C:\Users\stain\cagrid\apache-ant-1.7.0\lib\ant-jdepend.jar;C:\Users\stain\cagrid\apache-ant-1.7.0\lib\ant-jmf.jar;C:\Users\stain\cagrid\apache-ant-1.7.0\lib\ant-jsch.jar;C:\Users\stain\cagrid\apache-ant-1.7.0\lib\ant-junit.jar;C:\Users\stain\cagrid\apache-ant-1.7.0\lib\ant-launcher.jar;C:\Users\stain\cagrid\apache-ant-1.7.0\lib\ant-netrexx.jar;C:\Users\stain\cagrid\apache-ant-1.7.0\lib\ant-nodeps.jar;C:\Users\stain\cagrid\apache-ant-1.7.0\lib\ant-starteam.jar;C:\Users\stain\cagrid\apache-ant-1.7.0\lib\ant-stylebook.jar;C:\Users\stain\cagrid\apache-ant-1.7.0\lib\ant-swing.jar;C:\Users\stain\cagrid\apache-ant-1.7.0\lib\ant-testutil.jar;C:\Users\stain\cagrid\apache-ant-1.7.0\lib\ant-trax.jar;C:\Users\stain\cagrid\apache-ant-1.7.0\lib\ant-weblogic.jar;C:\Users\stain\cagrid\apache-ant-1.7.0\lib\ant.jar;C:\Users\stain\cagrid\apache-ant-1.7.0\lib\xercesImpl.jar;C:\Users\stain\cagrid\apache-ant-1.7.0\lib\xml-apis.jar;C:\Program Files (x86)\Java\jdk1.6.0_14\lib\tools.jar" />
    <property name="env.HOMEPATH" value="\Users\stain" />
    <property name="ant.library.dir" value="C:\Users\stain\cagrid\apache-ant-1.7.0\lib" />
    <property name="os.arch" value="x86" />
    <property name="env.SESSIONNAME" value="Console" />
    <property name="sun.java.launcher" value="SUN_STANDARD" />
    <property name="env.CommonProgramFiles" value="C:\Program Files (x86)\Common Files" />
    <property name="ant.core.lib" value="C:\Users\stain\cagrid\apache-ant-1.7.0\lib\ant.jar" />
    <property name="env.ProgramFiles" value="C:\Program Files (x86)" />
    <property name="java.vm.specification.vendor" value="Sun Microsystems Inc." />
    <property name="file.separator" value="\" />
    <property name="introduce.skeleton.resource.options" value="main,singleton,identifiable,resourcePropertyManagement" />
    <property name="java.runtime.version" value="1.6.0_14-b08" />
    <property name="env.ANT_CMD_LINE_ARGS" value="test" />
    <property name="sun.boot.class.path" value="C:\Program Files (x86)\Java\jdk1.6.0_14\jre\lib\resources.jar;C:\Program Files (x86)\Java\jdk1.6.0_14\jre\lib\rt.jar;C:\Program Files (x86)\Java\jdk1.6.0_14\jre\lib\sunrsasign.jar;C:\Program Files (x86)\Java\jdk1.6.0_14\jre\lib\jsse.jar;C:\Program Files (x86)\Java\jdk1.6.0_14\jre\lib\jce.jar;C:\Program Files (x86)\Java\jdk1.6.0_14\jre\lib\charsets.jar;C:\Program Files (x86)\Java\jdk1.6.0_14\jre\classes" />
    <property name="env.ComSpec" value="C:\Windows\system32\cmd.exe" />
    <property name="env.TEMP" value="C:\Users\stain\AppData\Local\Temp" />
    <property name="user.country" value="GB" />
    <property name="env.ANT_HOME" value="C:\Users\stain\cagrid\apache-ant-1.7.0" />
    <property name="etc.dir" value="etc" />
    <property name="service.jar.name" value="NCBIBlast-service.jar" />
    <property name="service.name" value="NCBIBlast" />
    <property name="java.vendor" value="Sun Microsystems Inc." />
    <property name="env.PSModulePath" value="C:\Windows\system32\WindowsPowerShell\v1.0\Modules\" />
    <property name="java.specification.version" value="1.6" />
    <property name="jboss.dir" value="${env.JBOSS_HOME}" />
    <property name="sun.arch.data.model" value="32" />
  </properties>
  <testcase classname="uk.org.mygrid.cagrid.servicewrapper.service.ncbiblast.integration.TestBlst01Program" name="failsEmptyProgram" time="17.232" />
  <testcase classname="uk.org.mygrid.cagrid.servicewrapper.service.ncbiblast.integration.TestBlst01Program" name="failsInvalidProgram" time="0.821" />
  <testcase classname="uk.org.mygrid.cagrid.servicewrapper.service.ncbiblast.integration.TestBlst01Program" name="failsWrongProgramBlastN" time="4.066" />
  <testcase classname="uk.org.mygrid.cagrid.servicewrapper.service.ncbiblast.integration.TestBlst01Program" name="failsWrongProgramBlastP" time="36.893">
    <failure message="Expected exception: org.apache.axis.AxisFault" type="junit.framework.AssertionFailedError">junit.framework.AssertionFailedError: Expected exception: org.apache.axis.AxisFault
</failure>
  </testcase>
  <testcase classname="uk.org.mygrid.cagrid.servicewrapper.service.ncbiblast.integration.TestBlst01Program" name="blastP" time="38.91" />
  <testcase classname="uk.org.mygrid.cagrid.servicewrapper.service.ncbiblast.integration.TestBlst01Program" name="blastX" time="35.56" />
  <testcase classname="uk.org.mygrid.cagrid.servicewrapper.service.ncbiblast.integration.TestBlst01Program" name="blastN" time="30.919" />
  <system-out><![CDATA[]]></system-out>
  <system-err><![CDATA[]]></system-err>
</testsuite>
