<?xml version="1.0" encoding="UTF-8" ?>
<testsuite failures="0" time="0.856" errors="0" skipped="0" tests="1" name="org.cagrid.cql.views.TestCQLContextualView">
  <properties>
    <property name="java.vendor" value="Sun Microsystems Inc."/>
    <property name="localRepository" value="C:\Users\tanwei\.m2\repository"/>
    <property name="sun.java.launcher" value="SUN_STANDARD"/>
    <property name="sun.management.compiler" value="HotSpot 64-Bit Server Compiler"/>
    <property name="env.PROMPT" value="$P$G"/>
    <property name="os.name" value="Windows 7"/>
    <property name="env.FP_NO_HOST_CHECK" value="NO"/>
    <property name="sun.boot.class.path" value="C:\Program Files\Java\jdk1.6.0_18\jre\lib\resources.jar;C:\Program Files\Java\jdk1.6.0_18\jre\lib\rt.jar;C:\Program Files\Java\jdk1.6.0_18\jre\lib\sunrsasign.jar;C:\Program Files\Java\jdk1.6.0_18\jre\lib\jsse.jar;C:\Program Files\Java\jdk1.6.0_18\jre\lib\jce.jar;C:\Program Files\Java\jdk1.6.0_18\jre\lib\charsets.jar;C:\Program Files\Java\jdk1.6.0_18\jre\classes"/>
    <property name="env.COMPUTERNAME" value="TANWEI-PC"/>
    <property name="env.CommonProgramW6432" value="C:\Program Files\Common Files"/>
    <property name="env.ALLUSERSPROFILE" value="C:\ProgramData"/>
    <property name="sun.desktop" value="windows"/>
    <property name="java.vm.specification.vendor" value="Sun Microsystems Inc."/>
    <property name="java.runtime.version" value="1.6.0_18-b07"/>
    <property name="env.HOMEPATH" value="\Users\tanwei"/>
    <property name="user.name" value="tanwei"/>
    <property name="user.language" value="en"/>
    <property name="sun.boot.library.path" value="C:\Program Files\Java\jdk1.6.0_18\jre\bin"/>
    <property name="classworlds.conf" value="D:\new workspace\.metadata\.plugins\org.maven.ide.eclipse\launches\m2conf8003475501945327143.tmp"/>
    <property name="java.version" value="1.6.0_18"/>
    <property name="env.PROCESSOR_IDENTIFIER" value="Intel64 Family 6 Model 23 Stepping 6, GenuineIntel"/>
    <property name="user.timezone" value="America/Chicago"/>
    <property name="env.MpConfig_ProductPath" value="c:\PROGRA~1\MICROS~1"/>
    <property name="env.TEMP" value="C:\Users\tanwei\AppData\Local\Temp"/>
    <property name="sun.arch.data.model" value="64"/>
    <property name="java.endorsed.dirs" value="C:\Program Files\Java\jdk1.6.0_18\jre\lib\endorsed"/>
    <property name="sun.cpu.isalist" value="amd64"/>
    <property name="env.HOMEDRIVE" value="C:"/>
    <property name="sun.jnu.encoding" value="GBK"/>
    <property name="file.encoding.pkg" value="sun.io"/>
    <property name="file.separator" value="\"/>
    <property name="java.specification.name" value="Java Platform API Specification"/>
    <property name="java.class.version" value="50.0"/>
    <property name="user.country" value="US"/>
    <property name="java.home" value="C:\Program Files\Java\jdk1.6.0_18\jre"/>
    <property name="env.PSModulePath" value="C:\Windows\system32\WindowsPowerShell\v1.0\Modules\"/>
    <property name="env.APPDATA" value="C:\Users\tanwei\AppData\Roaming"/>
    <property name="env.PUBLIC" value="C:\Users\Public"/>
    <property name="java.vm.info" value="mixed mode"/>
    <property name="env.ComSpec" value="C:\Windows\system32\cmd.exe"/>
    <property name="env.OS" value="Windows_NT"/>
    <property name="env.CommonProgramFiles" value="C:\Program Files\Common Files"/>
    <property name="os.version" value="6.1"/>
    <property name="env.ProgramW6432" value="C:\Program Files"/>
    <property name="raven.eclipse" value="true"/>
    <property name="path.separator" value=";"/>
    <property name="java.vm.version" value="16.0-b13"/>
    <property name="env.USERPROFILE" value="C:\Users\tanwei"/>
    <property name="user.variant" value=""/>
    <property name="env.MpConfig_ProductUserAppDataPath" value="C:\Users\tanwei\AppData\Local\Microsoft\Microsoft Antimalware"/>
    <property name="env.JAVA_HOME" value="C:\Program Files\Java\jdk1.6.0_18"/>
    <property name="java.awt.printerjob" value="sun.awt.windows.WPrinterJob"/>
    <property name="env.TMP" value="C:\Users\tanwei\AppData\Local\Temp"/>
    <property name="sun.io.unicode.encoding" value="UnicodeLittle"/>
    <property name="awt.toolkit" value="sun.awt.windows.WToolkit"/>
    <property name="user.home" value="C:\Users\tanwei"/>
    <property name="env.ProgramData" value="C:\ProgramData"/>
    <property name="env.SESSIONNAME" value="Console"/>
    <property name="env.ProgramFiles(x86)" value="C:\Program Files (x86)"/>
    <property name="java.specification.vendor" value="Sun Microsystems Inc."/>
    <property name="env.NUMBER_OF_PROCESSORS" value="2"/>
    <property name="java.library.path" value="C:\Program Files\Java\jdk1.6.0_18\bin;.;C:\Windows\Sun\Java\bin;C:\Windows\system32;C:\Windows;C:\Windows\system32;C:\Windows;C:\Windows\System32\Wbem;C:\Windows\System32\WindowsPowerShell\v1.0\;C:\Program Files\SlikSvn\bin\;C:\Program Files\Java\jdk1.6.0_18\bin\"/>
    <property name="java.vendor.url" value="http://java.sun.com/"/>
    <property name="java.vm.vendor" value="Sun Microsystems Inc."/>
    <property name="env.MpConfig_ReportingGUID" value="C4200398-C667-4472-AEBE-05D8C0D21DF6"/>
    <property name="maven.home" value="EMBEDDED"/>
    <property name="java.runtime.name" value="Java(TM) SE Runtime Environment"/>
    <property name="java.class.path" value="/D:/eclipse/plugins/org.maven.ide.components.maven_embedder_2.1.0.20080530-2300/jars/plexus-classworlds-1.2-alpha-12.jar"/>
    <property name="java.vm.specification.name" value="Java Virtual Machine Specification"/>
    <property name="env.LOGONSERVER" value="\\TANWEI-PC"/>
    <property name="env.windir" value="C:\Windows"/>
    <property name="java.vm.specification.version" value="1.0"/>
    <property name="env.PROCESSOR_ARCHITECTURE" value="AMD64"/>
    <property name="sun.os.patch.level" value=""/>
    <property name="sun.cpu.endian" value="little"/>
    <property name="java.awt.headless" value="true"/>
    <property name="env.ProgramFiles" value="C:\Program Files"/>
    <property name="surefire.test.class.path" value="D:\new workspace\cql-activity-ui\target\test-classes;D:\new workspace\cql-activity-ui\target\classes;C:\Users\tanwei\.m2\repository\net\sf\taverna\t2\ui-api\activity-icons-api\1.0\activity-icons-api-1.0.jar;C:\Users\tanwei\.m2\repository\log4j\log4j\1.2.13\log4j-1.2.13.jar;C:\Users\tanwei\.m2\repository\net\sf\taverna\t2\ui-api\activity-palette-api\1.0\activity-palette-api-1.0.jar;C:\Users\tanwei\.m2\repository\net\sf\taverna\t2\infrastructure\spi-discovery-api\2.0\spi-discovery-api-2.0.jar;C:\Users\tanwei\.m2\repository\net\sf\taverna\t2\lang\observer\1.0\observer-1.0.jar;C:\Users\tanwei\.m2\repository\net\sf\taverna\t2\infrastructure\raven\2.0\raven-2.0.jar;C:\Users\tanwei\.m2\repository\net\sf\taverna\t2\infrastructure\raven-log4j\2.0\raven-log4j-2.0.jar;C:\Users\tanwei\.m2\repository\net\sf\taverna\t2\infrastructure\appconfig\2.0\appconfig-2.0.jar;C:\Users\tanwei\.m2\repository\net\sf\taverna\t2\infrastructure\launcher-api\2.0\launcher-api-2.0.jar;C:\Users\tanwei\.m2\repository\net\sf\taverna\t2\infrastructure\prelauncher\2.0\prelauncher-2.0.jar;C:\Users\tanwei\.m2\repository\net\sf\taverna\t2\lang\partition\1.0\partition-1.0.jar;C:\Users\tanwei\.m2\repository\net\sf\taverna\t2\ui-api\configuration-api\1.0\configuration-api-1.0.jar;C:\Users\tanwei\.m2\repository\net\sf\opencsv\opencsv\1.8\opencsv-1.8.jar;C:\Users\tanwei\.m2\repository\commons-io\commons-io\1.3.1\commons-io-1.3.1.jar;C:\Users\tanwei\.m2\repository\net\sf\taverna\t2\core\workflowmodel-api\1.0\workflowmodel-api-1.0.jar;C:\Users\tanwei\.m2\repository\net\sf\taverna\t2\core\reference-api\1.0\reference-api-1.0.jar;C:\Users\tanwei\.m2\repository\org\springframework\spring-tx\2.5.4\spring-tx-2.5.4.jar;C:\Users\tanwei\.m2\repository\commons-logging\commons-logging\1.0.4\commons-logging-1.0.4.jar;C:\Users\tanwei\.m2\repository\org\springframework\spring-beans\2.5.4\spring-beans-2.5.4.jar;C:\Users\tanwei\.m2\repository\org\springframework\spring-core\2.5.4\spring-core-2.5.4.jar;C:\Users\tanwei\.m2\repository\org\springframework\spring-context\2.5.4\spring-context-2.5.4.jar;C:\Users\tanwei\.m2\repository\aopalliance\aopalliance\1.0\aopalliance-1.0.jar;C:\Users\tanwei\.m2\repository\jdom\jdom\1.0\jdom-1.0.jar;C:\Users\tanwei\.m2\repository\net\sf\taverna\t2\lang\beans\1.0\beans-1.0.jar;C:\Users\tanwei\.m2\repository\org\cagrid\cql\cql-activity\1.1\cql-activity-1.1.jar;C:\Users\tanwei\.m2\repository\axis\axis\1.4\axis-1.4.jar;C:\Users\tanwei\.m2\repository\axis\axis-jaxrpc\1.4\axis-jaxrpc-1.4.jar;C:\Users\tanwei\.m2\repository\axis\axis-saaj\1.4\axis-saaj-1.4.jar;C:\Users\tanwei\.m2\repository\axis\axis-wsdl4j\1.5.1\axis-wsdl4j-1.5.1.jar;C:\Users\tanwei\.m2\repository\commons-discovery\commons-discovery\0.2\commons-discovery-0.2.jar;C:\Users\tanwei\.m2\repository\net\sf\taverna\t2\ui-impl\contextual-views-impl\1.0\contextual-views-impl-1.0.jar;C:\Users\tanwei\.m2\repository\javax\help\javahelp\2.0.02\javahelp-2.0.02.jar;C:\Users\tanwei\.m2\repository\net\sf\taverna\t2\ui-api\contextual-views-api\1.0\contextual-views-api-1.0.jar;C:\Users\tanwei\.m2\repository\net\sf\taverna\t2\ui-api\workbench-api\1.0\workbench-api-1.0.jar;C:\Users\tanwei\.m2\repository\net\sf\taverna\t2\lang\ui\1.0\ui-1.0.jar;C:\Users\tanwei\.m2\repository\net\sf\taverna\t2\ui-api\file-api\1.0\file-api-1.0.jar;C:\Users\tanwei\.m2\repository\net\sf\taverna\t2\ui-api\edits-api\1.0\edits-api-1.0.jar;C:\Users\tanwei\.m2\repository\net\sf\taverna\t2\ui-api\menu-api\1.0\menu-api-1.0.jar;C:\Users\tanwei\.m2\repository\net\sf\taverna\t2\ui-api\common-icons\1.0\common-icons-1.0.jar;C:\Users\tanwei\.m2\repository\com\thoughtworks\xstream\xstream\1.2.1\xstream-1.2.1.jar;C:\Users\tanwei\.m2\repository\xpp3\xpp3_min\1.1.3.4.O\xpp3_min-1.1.3.4.O.jar;C:\Users\tanwei\.m2\repository\net\sf\taverna\t2\ui-impl\workbench-impl\1.0\workbench-impl-1.0.jar;C:\Users\tanwei\.m2\repository\uk\org\mygrid\taverna\osxapplication\1.5.1\osxapplication-1.5.1.jar;C:\Users\tanwei\.m2\repository\net\sf\taverna\t2\ui-api\perspective-core\1.0\perspective-core-1.0.jar;C:\Users\tanwei\.m2\repository\net\sf\taverna\t2\ui-impl\file-impl\1.0\file-impl-1.0.jar;C:\Users\tanwei\.m2\repository\net\sf\taverna\t2\core\workflowmodel-impl\1.0\workflowmodel-impl-1.0.jar;C:\Users\tanwei\.m2\repository\commons-collections\commons-collections\3.2\commons-collections-3.2.jar;C:\Users\tanwei\.m2\repository\commons-lang\commons-lang\2.2\commons-lang-2.2.jar;C:\Users\tanwei\.m2\repository\commons-codec\commons-codec\1.3\commons-codec-1.3.jar;C:\Users\tanwei\.m2\repository\net\sf\taverna\t2\ui-impl\helper\1.0\helper-1.0.jar;C:\Users\tanwei\.m2\repository\net\sf\taverna\t2\ui-impl\configuration-impl\1.0\configuration-impl-1.0.jar;C:\Users\tanwei\.m2\repository\net\sf\taverna\t2\ui-impl\zaria\1.0\zaria-1.0.jar;C:\Users\tanwei\.m2\repository\net\sf\taverna\t2\ui-impl\edits-impl\1.0\edits-impl-1.0.jar;C:\Users\tanwei\.m2\repository\BrowserLauncher2\BrowserLauncher2\1.3\BrowserLauncher2-1.3.jar;C:\Users\tanwei\.m2\repository\net\sf\taverna\t2\ui-components\workflow-view\1.0.1\workflow-view-1.0.1.jar;C:\Users\tanwei\.m2\repository\net\sf\taverna\t2\lang\io\1.0\io-1.0.jar;C:\Users\tanwei\.m2\repository\net\sf\taverna\t2\ui-impl\activity-tools\1.0\activity-tools-1.0.jar;C:\Users\tanwei\.m2\repository\net\sf\taverna\t2\ui-impl\menu-impl\1.0\menu-impl-1.0.jar;C:\Users\tanwei\.m2\repository\net\sf\taverna\t2\activities\dataflow-activity\1.0.1\dataflow-activity-1.0.1.jar;C:\Users\tanwei\.m2\repository\net\sf\taverna\t2\ui-components\design-ui\1.0.1\design-ui-1.0.1.jar;C:\Users\tanwei\.m2\repository\net\sf\taverna\t2\ui-components\graph-view\1.0.1\graph-view-1.0.1.jar;C:\Users\tanwei\.m2\repository\net\sf\taverna\t2\ui-components\graph-model\1.0.1\graph-model-1.0.1.jar;C:\Users\tanwei\.m2\repository\org\apache\xmlgraphics\batik-svg-dom\1.7\batik-svg-dom-1.7.jar;C:\Users\tanwei\.m2\repository\org\apache\xmlgraphics\batik-anim\1.7\batik-anim-1.7.jar;C:\Users\tanwei\.m2\repository\org\apache\xmlgraphics\batik-awt-util\1.7\batik-awt-util-1.7.jar;C:\Users\tanwei\.m2\repository\org\apache\xmlgraphics\batik-util\1.7\batik-util-1.7.jar;C:\Users\tanwei\.m2\repository\org\apache\xmlgraphics\batik-dom\1.7\batik-dom-1.7.jar;C:\Users\tanwei\.m2\repository\org\apache\xmlgraphics\batik-css\1.7\batik-css-1.7.jar;C:\Users\tanwei\.m2\repository\org\apache\xmlgraphics\batik-ext\1.7\batik-ext-1.7.jar;C:\Users\tanwei\.m2\repository\xml-apis\xml-apis\1.3.04\xml-apis-1.3.04.jar;C:\Users\tanwei\.m2\repository\xml-apis\xml-apis-ext\1.3.04\xml-apis-ext-1.3.04.jar;C:\Users\tanwei\.m2\repository\org\apache\xmlgraphics\batik-xml\1.7\batik-xml-1.7.jar;C:\Users\tanwei\.m2\repository\xalan\xalan\2.6.0\xalan-2.6.0.jar;C:\Users\tanwei\.m2\repository\org\apache\xmlgraphics\batik-parser\1.7\batik-parser-1.7.jar;C:\Users\tanwei\.m2\repository\org\apache\xmlgraphics\batik-swing\1.7\batik-swing-1.7.jar;C:\Users\tanwei\.m2\repository\org\apache\xmlgraphics\batik-bridge\1.7\batik-bridge-1.7.jar;C:\Users\tanwei\.m2\repository\org\apache\xmlgraphics\batik-gvt\1.7\batik-gvt-1.7.jar;C:\Users\tanwei\.m2\repository\org\apache\xmlgraphics\batik-script\1.7\batik-script-1.7.jar;C:\Users\tanwei\.m2\repository\org\apache\xmlgraphics\batik-gui-util\1.7\batik-gui-util-1.7.jar;C:\Users\tanwei\.m2\repository\org\apache\xmlgraphics\batik-transcoder\1.7\batik-transcoder-1.7.jar;C:\Users\tanwei\.m2\repository\org\apache\xmlgraphics\fop\0.94\fop-0.94.jar;C:\Users\tanwei\.m2\repository\org\apache\xmlgraphics\xmlgraphics-commons\1.2\xmlgraphics-commons-1.2.jar;C:\Users\tanwei\.m2\repository\org\apache\avalon\framework\avalon-framework-api\4.3.1\avalon-framework-api-4.3.1.jar;C:\Users\tanwei\.m2\repository\org\apache\avalon\framework\avalon-framework-impl\4.3.1\avalon-framework-impl-4.3.1.jar;C:\Users\tanwei\.m2\repository\org\apache\xmlgraphics\batik-svggen\1.7\batik-svggen-1.7.jar;C:\Users\tanwei\.m2\repository\commons-beanutils\commons-beanutils\1.8.0\commons-beanutils-1.8.0.jar;C:\Users\tanwei\.m2\repository\net\sf\taverna\t2\ui-components\perspective-results\1.0.1\perspective-results-1.0.1.jar;C:\Users\tanwei\.m2\repository\junit\junit\4.4\junit-4.4.jar;C:\Users\tanwei\.m2\repository\net\sf\taverna\t2\ui-impl\activity-palette-impl\1.0\activity-palette-impl-1.0.jar;"/>
    <property name="java.io.tmpdir" value="C:\Users\tanwei\AppData\Local\Temp\"/>
    <property name="env.PROCESSOR_REVISION" value="1706"/>
    <property name="env.CommonProgramFiles(x86)" value="C:\Program Files (x86)\Common Files"/>
    <property name="env.MpConfig_ProductAppDataPath" value="C:\ProgramData\Microsoft\Microsoft Antimalware"/>
    <property name="java.vendor.url.bug" value="http://java.sun.com/cgi-bin/bugreport.cgi"/>
    <property name="env.SystemRoot" value="C:\Windows"/>
    <property name="java.awt.graphicsenv" value="sun.awt.Win32GraphicsEnvironment"/>
    <property name="os.arch" value="amd64"/>
    <property name="java.ext.dirs" value="C:\Program Files\Java\jdk1.6.0_18\jre\lib\ext;C:\Windows\Sun\Java\lib\ext"/>
    <property name="user.dir" value="D:\new workspace\cql-activity-ui"/>
    <property name="env.LOCALAPPDATA" value="C:\Users\tanwei\AppData\Local"/>
    <property name="line.separator" value="
"/>
    <property name="java.vm.name" value="Java HotSpot(TM) 64-Bit Server VM"/>
    <property name="env.PATHEXT" value=".COM;.EXE;.BAT;.CMD;.VBS;.VBE;.JS;.JSE;.WSF;.WSH;.MSC"/>
    <property name="env.Path" value="C:\Windows\system32;C:\Windows;C:\Windows\System32\Wbem;C:\Windows\System32\WindowsPowerShell\v1.0\;C:\Program Files\SlikSvn\bin\;C:\Program Files\Java\jdk1.6.0_18\bin\"/>
    <property name="basedir" value="D:\new workspace\cql-activity-ui"/>
    <property name="maven.mode.standalone" value="true"/>
    <property name="env.USERNAME" value="tanwei"/>
    <property name="env.SystemDrive" value="C:"/>
    <property name="file.encoding" value="Cp1252"/>
    <property name="env.USERDOMAIN" value="tanwei-PC"/>
    <property name="java.specification.version" value="1.6"/>
    <property name="env.MpConfig_ProductCodeName" value="Salt Lake City"/>
    <property name="env.PROCESSOR_LEVEL" value="6"/>
  </properties>
  <testcase time="0.787" classname="org.cagrid.cql.views.TestCQLContextualView" name="testGetConfigureAction"/>
</testsuite>