<?xml version="1.0" encoding="UTF-8" ?>
<testsuite failures="0" time="2.514" errors="0" skipped="0" tests="1" name="net.sf.taverna.t2.activities.stringconstant.StringConstantActivityTest">
  <properties>
    <property name="java.vendor" value="Sun Microsystems Inc."/>
    <property name="localRepository" value="C:\Users\Administrator\.m2\repository"/>
    <property name="env.DEFLOGDIR" value="C:\ProgramData\McAfee\DesktopProtection"/>
    <property name="env.VS90COMNTOOLS" value="C:\Program Files\Microsoft Visual Studio 9.0\Common7\Tools\"/>
    <property name="sun.java.launcher" value="SUN_STANDARD"/>
    <property name="env.TRACE_FORMAT_SEARCH_PATH" value="\\NTREL202.ntdev.corp.microsoft.com\4F18C3A5-CA09-4DBD-B6FC-219FDD4C6BE0\TraceFormat"/>
    <property name="sun.management.compiler" value="HotSpot Client Compiler"/>
    <property name="env.PROMPT" value="$P$G"/>
    <property name="os.name" value="Windows Vista"/>
    <property name="env.FP_NO_HOST_CHECK" value="NO"/>
    <property name="sun.boot.class.path" value="C:\Program Files\Java\jdk1.6.0_16\jre\lib\resources.jar;C:\Program Files\Java\jdk1.6.0_16\jre\lib\rt.jar;C:\Program Files\Java\jdk1.6.0_16\jre\lib\sunrsasign.jar;C:\Program Files\Java\jdk1.6.0_16\jre\lib\jsse.jar;C:\Program Files\Java\jdk1.6.0_16\jre\lib\jce.jar;C:\Program Files\Java\jdk1.6.0_16\jre\lib\charsets.jar;C:\Program Files\Java\jdk1.6.0_16\jre\classes"/>
    <property name="env.COMPUTERNAME" value="WEITAN"/>
    <property name="env.ALLUSERSPROFILE" value="C:\ProgramData"/>
    <property name="sun.desktop" value="windows"/>
    <property name="java.vm.specification.vendor" value="Sun Microsystems Inc."/>
    <property name="java.runtime.version" value="1.6.0_16-b01"/>
    <property name="env.GLOBUS_LOCATION" value="D:\caGrid13\ws-core-4.0.3"/>
    <property name="env.HOMEPATH" value="\Users\Administrator"/>
    <property name="user.name" value="Administrator"/>
    <property name="env.QTJAVA" value="C:\Program Files\Java\jre6\lib\ext\QTJava.zip"/>
    <property name="user.language" value="en"/>
    <property name="sun.boot.library.path" value="C:\Program Files\Java\jdk1.6.0_16\jre\bin"/>
    <property name="classworlds.conf" value="D:\new workspace\.metadata\.plugins\org.maven.ide.eclipse\launches\m2conf46737.tmp"/>
    <property name="java.version" value="1.6.0_16"/>
    <property name="env.PROCESSOR_IDENTIFIER" value="x86 Family 6 Model 23 Stepping 6, GenuineIntel"/>
    <property name="user.timezone" value="Asia/Shanghai"/>
    <property name="env.TEMP" value="C:\Users\ADMINI~1\AppData\Local\Temp"/>
    <property name="sun.arch.data.model" value="32"/>
    <property name="java.endorsed.dirs" value="C:\Program Files\Java\jdk1.6.0_16\jre\lib\endorsed"/>
    <property name="env.VSEDEFLOGDIR" value="C:\ProgramData\McAfee\DesktopProtection"/>
    <property name="sun.cpu.isalist" value="pentium_pro+mmx pentium_pro pentium+mmx pentium i486 i386 i86"/>
    <property name="env.HOMEDRIVE" value="C:"/>
    <property name="sun.jnu.encoding" value="GBK"/>
    <property name="file.encoding.pkg" value="sun.io"/>
    <property name="file.separator" value="\"/>
    <property name="java.specification.name" value="Java Platform API Specification"/>
    <property name="java.class.version" value="50.0"/>
    <property name="user.country" value="US"/>
    <property name="java.home" value="C:\Program Files\Java\jdk1.6.0_16\jre"/>
    <property name="env.APPDATA" value="C:\Users\Administrator\AppData\Roaming"/>
    <property name="env.PUBLIC" value="C:\Users\Public"/>
    <property name="java.vm.info" value="mixed mode"/>
    <property name="env.CATALINA_HOME" value="C:\Program Files\Apache Software Foundation\Tomcat 6.0"/>
    <property name="env.ComSpec" value="C:\Windows\system32\cmd.exe"/>
    <property name="env.OS" value="Windows_NT"/>
    <property name="env.CommonProgramFiles" value="C:\Program Files\Common Files"/>
    <property name="os.version" value="6.0"/>
    <property name="env.configsetroot" value="C:\Windows\ConfigSetRoot"/>
    <property name="raven.eclipse" value="true"/>
    <property name="path.separator" value=";"/>
    <property name="java.vm.version" value="14.2-b01"/>
    <property name="env.USERPROFILE" value="C:\Users\Administrator"/>
    <property name="user.variant" value=""/>
    <property name="env.JAVA_HOME" value="C:\Program Files\Java\jdk1.5.0_16"/>
    <property name="java.awt.printerjob" value="sun.awt.windows.WPrinterJob"/>
    <property name="env.TMP" value="C:\Users\ADMINI~1\AppData\Local\Temp"/>
    <property name="sun.io.unicode.encoding" value="UnicodeLittle"/>
    <property name="awt.toolkit" value="sun.awt.windows.WToolkit"/>
    <property name="user.home" value="C:\Users\Administrator"/>
    <property name="env.ProgramData" value="C:\ProgramData"/>
    <property name="env.SESSIONNAME" value="Console"/>
    <property name="java.specification.vendor" value="Sun Microsystems Inc."/>
    <property name="env.CLASSPATH" value=".;C:\Program Files\Java\jre6\lib\ext\QTJava.zip"/>
    <property name="env.NUMBER_OF_PROCESSORS" value="2"/>
    <property name="java.library.path" value="C:\Program Files\Java\jdk1.6.0_16\bin;.;C:\Windows\Sun\Java\bin;C:\Windows\system32;C:\Windows;C:\Perl\site\bin;C:\Perl\bin;C:\Windows\system32;C:\Windows;C:\Windows\System32\Wbem;C:\Program Files\ATI Technologies\ATI.ACE\Core-Static;D:\caGrid13\apache-ant-1.7.0\bin;C:\Program Files\Java\jdk1.5.0_16\bin;C:\Program Files\Common Files\Thunder Network\KanKan\Codecs;C:\Program Files\MathWorks\MATLAB Component Runtime\v71\runtime\win32;C:\Windows\System32\WindowsPowerShell\v1.0\;C:\Program Files\StormII\Codec\QTSystem\;C:\Program Files\Rational\common;C:\Program Files\StormII\Codec;C:\Program Files\StormII"/>
    <property name="java.vendor.url" value="http://java.sun.com/"/>
    <property name="env.GLOBUS_HOSTNAME" value="weitan"/>
    <property name="java.vm.vendor" value="Sun Microsystems Inc."/>
    <property name="maven.home" value="EMBEDDED"/>
    <property name="java.runtime.name" value="Java(TM) SE Runtime Environment"/>
    <property name="java.class.path" value="/D:/eclipse/plugins/org.maven.ide.components.maven_embedder_2.1.0.20080530-2300/jars/plexus-classworlds-1.2-alpha-12.jar"/>
    <property name="env.DFSTRACINGON" value="FALSE"/>
    <property name="java.vm.specification.name" value="Java Virtual Machine Specification"/>
    <property name="env.windir" value="C:\Windows"/>
    <property name="env.LOGONSERVER" value="\\WEITAN"/>
    <property name="java.vm.specification.version" value="1.0"/>
    <property name="env.PROCESSOR_ARCHITECTURE" value="x86"/>
    <property name="m2eclipse.workspace.state" value="D:\new workspace\.metadata\.plugins\org.maven.ide.eclipse\workspacestate.properties"/>
    <property name="sun.os.patch.level" value="Service Pack 2"/>
    <property name="sun.cpu.endian" value="little"/>
    <property name="java.awt.headless" value="true"/>
    <property name="env.ProgramFiles" value="C:\Program Files"/>
    <property name="env.ANT_HOME" value="D:\caGrid13\apache-ant-1.7.0"/>
    <property name="surefire.test.class.path" value="D:\new workspace\cql-activity\target\test-classes;D:\new workspace\cql-activity\target\classes;C:\Users\Administrator\.m2\repository\net\sf\taverna\t2\core\workflowmodel-api\1.0\workflowmodel-api-1.0.jar;C:\Users\Administrator\.m2\repository\net\sf\taverna\t2\core\reference-api\1.0\reference-api-1.0.jar;C:\Users\Administrator\.m2\repository\org\springframework\spring-tx\2.5.4\spring-tx-2.5.4.jar;C:\Users\Administrator\.m2\repository\commons-logging\commons-logging\1.0.4\commons-logging-1.0.4.jar;C:\Users\Administrator\.m2\repository\org\springframework\spring-beans\2.5.4\spring-beans-2.5.4.jar;C:\Users\Administrator\.m2\repository\org\springframework\spring-core\2.5.4\spring-core-2.5.4.jar;C:\Users\Administrator\.m2\repository\org\springframework\spring-context\2.5.4\spring-context-2.5.4.jar;C:\Users\Administrator\.m2\repository\aopalliance\aopalliance\1.0\aopalliance-1.0.jar;C:\Users\Administrator\.m2\repository\net\sf\taverna\t2\infrastructure\spi-discovery-api\2.0\spi-discovery-api-2.0.jar;C:\Users\Administrator\.m2\repository\net\sf\taverna\t2\lang\observer\1.0\observer-1.0.jar;C:\Users\Administrator\.m2\repository\log4j\log4j\1.2.13\log4j-1.2.13.jar;C:\Users\Administrator\.m2\repository\net\sf\taverna\t2\infrastructure\raven\2.0\raven-2.0.jar;C:\Users\Administrator\.m2\repository\net\sf\taverna\t2\infrastructure\raven-log4j\2.0\raven-log4j-2.0.jar;C:\Users\Administrator\.m2\repository\net\sf\taverna\t2\infrastructure\appconfig\2.0\appconfig-2.0.jar;C:\Users\Administrator\.m2\repository\net\sf\taverna\t2\infrastructure\launcher-api\2.0\launcher-api-2.0.jar;C:\Users\Administrator\.m2\repository\net\sf\taverna\t2\infrastructure\prelauncher\2.0\prelauncher-2.0.jar;C:\Users\Administrator\.m2\repository\jdom\jdom\1.0\jdom-1.0.jar;C:\Users\Administrator\.m2\repository\net\sf\taverna\t2\activities\activity-test-utils\1.0\activity-test-utils-1.0.jar;C:\Users\Administrator\.m2\repository\net\sf\taverna\t2\core\workflowmodel-impl\1.0\workflowmodel-impl-1.0.jar;C:\Users\Administrator\.m2\repository\com\thoughtworks\xstream\xstream\1.2.1\xstream-1.2.1.jar;C:\Users\Administrator\.m2\repository\xpp3\xpp3_min\1.1.3.4.O\xpp3_min-1.1.3.4.O.jar;C:\Users\Administrator\.m2\repository\net\sf\taverna\t2\core\reference-impl\1.0\reference-impl-1.0.jar;C:\Users\Administrator\.m2\repository\org\hibernate\hibernate\3.2.5.ga.raven\hibernate-3.2.5.ga.raven.jar;C:\Users\Administrator\.m2\repository\dom4j\dom4j\1.6.1\dom4j-1.6.1.jar;C:\Users\Administrator\.m2\repository\cglib\cglib\2.1_3\cglib-2.1_3.jar;C:\Users\Administrator\.m2\repository\asm\asm\1.5.3\asm-1.5.3.jar;C:\Users\Administrator\.m2\repository\commons-collections\commons-collections\2.1.1\commons-collections-2.1.1.jar;C:\Users\Administrator\.m2\repository\geronimo-spec\geronimo-spec-jta\1.0-M1\geronimo-spec-jta-1.0-M1.jar;C:\Users\Administrator\.m2\repository\org\springframework\spring-orm\2.5.4\spring-orm-2.5.4.jar;C:\Users\Administrator\.m2\repository\org\springframework\spring-aop\2.5.4\spring-aop-2.5.4.jar;C:\Users\Administrator\.m2\repository\org\springframework\spring-jdbc\2.5.4\spring-jdbc-2.5.4.jar;C:\Users\Administrator\.m2\repository\org\aspectj\aspectjrt\1.6.0\aspectjrt-1.6.0.jar;C:\Users\Administrator\.m2\repository\org\aspectj\aspectjweaver\1.6.0\aspectjweaver-1.6.0.jar;C:\Users\Administrator\.m2\repository\antlr\antlr\2.7.7\antlr-2.7.7.jar;C:\Users\Administrator\.m2\repository\net\sf\taverna\t2\core\reference-core-extensions\1.0\reference-core-extensions-1.0.jar;C:\Users\Administrator\.m2\repository\commons-httpclient\commons-httpclient\3.1\commons-httpclient-3.1.jar;C:\Users\Administrator\.m2\repository\commons-codec\commons-codec\1.2\commons-codec-1.2.jar;C:\Users\Administrator\.m2\repository\junit\junit\4.4\junit-4.4.jar;C:\Users\Administrator\.m2\repository\axis\axis\1.4\axis-1.4.jar;C:\Users\Administrator\.m2\repository\axis\axis-jaxrpc\1.4\axis-jaxrpc-1.4.jar;C:\Users\Administrator\.m2\repository\axis\axis-saaj\1.4\axis-saaj-1.4.jar;C:\Users\Administrator\.m2\repository\axis\axis-wsdl4j\1.5.1\axis-wsdl4j-1.5.1.jar;C:\Users\Administrator\.m2\repository\commons-discovery\commons-discovery\0.2\commons-discovery-0.2.jar;"/>
    <property name="java.io.tmpdir" value="C:\Users\ADMINI~1\AppData\Local\Temp\"/>
    <property name="env.PROCESSOR_REVISION" value="1706"/>
    <property name="java.vendor.url.bug" value="http://java.sun.com/cgi-bin/bugreport.cgi"/>
    <property name="env.SystemRoot" value="C:\Windows"/>
    <property name="java.awt.graphicsenv" value="sun.awt.Win32GraphicsEnvironment"/>
    <property name="os.arch" value="x86"/>
    <property name="java.ext.dirs" value="C:\Program Files\Java\jdk1.6.0_16\jre\lib\ext;C:\Windows\Sun\Java\lib\ext"/>
    <property name="user.dir" value="D:\new workspace\cql-activity"/>
    <property name="env.LOCALAPPDATA" value="C:\Users\Administrator\AppData\Local"/>
    <property name="line.separator" value="
"/>
    <property name="java.vm.name" value="Java HotSpot(TM) Client VM"/>
    <property name="env.PATHEXT" value=".COM;.EXE;.BAT;.CMD;.VBS;.VBE;.JS;.JSE;.WSF;.WSH;.MSC"/>
    <property name="env.Path" value="C:\Perl\site\bin;C:\Perl\bin;C:\Windows\system32;C:\Windows;C:\Windows\System32\Wbem;C:\Program Files\ATI Technologies\ATI.ACE\Core-Static;D:\caGrid13\apache-ant-1.7.0\bin;C:\Program Files\Java\jdk1.5.0_16\bin;C:\Program Files\Common Files\Thunder Network\KanKan\Codecs;C:\Program Files\MathWorks\MATLAB Component Runtime\v71\runtime\win32;C:\Windows\System32\WindowsPowerShell\v1.0\;C:\Program Files\StormII\Codec\QTSystem\;C:\Program Files\Rational\common;C:\Program Files\StormII\Codec;C:\Program Files\StormII"/>
    <property name="basedir" value="D:\new workspace\cql-activity"/>
    <property name="maven.mode.standalone" value="true"/>
    <property name="env.USERNAME" value="Administrator"/>
    <property name="env.CAGRID_LOCATION" value="D:\caGrid13\caGrid\repository"/>
    <property name="env.SystemDrive" value="C:"/>
    <property name="file.encoding" value="Cp1252"/>
    <property name="env.USERDOMAIN" value="WEITAN"/>
    <property name="java.specification.version" value="1.6"/>
    <property name="env.PROCESSOR_LEVEL" value="6"/>
  </properties>
  <testcase time="2.435" classname="net.sf.taverna.t2.activities.stringconstant.StringConstantActivityTest" name="testInvoke"/>
</testsuite>